# JRE version: OpenJDK Runtime Environment Temurin-17.0.20.1+1 (17.0.20.1+1) (build 17.0.20.1+1)
# Java VM: OpenJDK 64-Bit Server VM Temurin-17.0.20.1+1 (17.0.20.1+1, mixed mode, sharing, tiered, compressed oops, compressed class ptrs, g1 gc, windows-amd64)
GC Precious Log:
 CPUs: 8 total, 8 available
 Memory: 8074M
 Large Page Support: Disabled
 NUMA Support: Disabled
 Compressed Oops: Enabled (32-bit)
 Heap Region Size: 1M
 Heap Min Capacity: 8M
 Heap Initial Capacity: 128M
 Heap Max Capacity: 2G
 Pre-touch: Disabled
 Parallel Workers: 8
 Concurrent Workers: 2
 Concurrent Refinement Workers: 8
 Periodic GC: Disabled
Heap:
 garbage-first heap   total 152576K, used 109476K [0x0000000080000000, 0x0000000100000000)
  region size 1024K, 26 young (26624K), 4 survivors (4096K)
 Metaspace       used 86337K, committed 87424K, reserved 1179648K
  class space    used 12154K, committed 12672K, reserved 1048576K
GC Heap History (20 events):
Event: 77.446 GC heap before
{Heap before GC invocations=37 (full 0):
 garbage-first heap   total 111616K, used 91078K [0x0000000080000000, 0x0000000100000000)
  region size 1024K, 23 young (23552K), 2 survivors (2048K)
 Metaspace       used 67668K, committed 68672K, reserved 1114112K
  class space    used 9373K, committed 9856K, reserved 1048576K
}
Event: 77.452 GC heap after
{Heap after GC invocations=38 (full 0):
 garbage-first heap   total 111616K, used 71860K [0x0000000080000000, 0x0000000100000000)
  region size 1024K, 3 young (3072K), 3 survivors (3072K)
 Metaspace       used 67668K, committed 68672K, reserved 1114112K
  class space    used 9373K, committed 9856K, reserved 1048576K
}
Event: 77.543 GC heap before
{Heap before GC invocations=38 (full 0):
 garbage-first heap   total 111616K, used 82100K [0x0000000080000000, 0x0000000100000000)
  region size 1024K, 11 young (11264K), 3 survivors (3072K)
 Metaspace       used 67677K, committed 68672K, reserved 1114112K
  class space    used 9375K, committed 9856K, reserved 1048576K
}
Event: 77.551 GC heap after
{Heap after GC invocations=39 (full 0):
 garbage-first heap   total 111616K, used 76955K [0x0000000080000000, 0x0000000100000000)
  region size 1024K, 3 young (3072K), 3 survivors (3072K)
 Metaspace       used 67677K, committed 68672K, reserved 1114112K
  class space    used 9375K, committed 9856K, reserved 1048576K
}
Event: 78.101 GC heap before
{Heap before GC invocations=40 (full 0):
 garbage-first heap   total 145408K, used 92315K [0x0000000080000000, 0x0000000100000000)
  region size 1024K, 15 young (15360K), 3 survivors (3072K)
 Metaspace       used 67975K, committed 68992K, reserved 1114112K
  class space    used 9436K, committed 9920K, reserved 1048576K
}
Event: 78.106 GC heap after
{Heap after GC invocations=41 (full 0):
 garbage-first heap   total 145408K, used 76197K [0x0000000080000000, 0x0000000100000000)
  region size 1024K, 2 young (2048K), 2 survivors (2048K)
 Metaspace       used 67975K, committed 68992K, reserved 1114112K
  class space    used 9436K, committed 9920K, reserved 1048576K
}
Event: 80.509 GC heap before
{Heap before GC invocations=41 (full 0):
 garbage-first heap   total 145408K, used 118181K [0x0000000080000000, 0x0000000100000000)
  region size 1024K, 43 young (44032K), 2 survivors (2048K)
 Metaspace       used 70948K, committed 72000K, reserved 1114112K
  class space    used 9787K, committed 10304K, reserved 1048576K
}
Event: 80.515 GC heap after
{Heap after GC invocations=42 (full 0):
 garbage-first heap   total 145408K, used 77883K [0x0000000080000000, 0x0000000100000000)
  region size 1024K, 3 young (3072K), 3 survivors (3072K)
 Metaspace       used 70948K, committed 72000K, reserved 1114112K
  class space    used 9787K, committed 10304K, reserved 1048576K
}
Event: 83.362 GC heap before
{Heap before GC invocations=42 (full 0):
 garbage-first heap   total 145408K, used 118843K [0x0000000080000000, 0x0000000100000000)
  region size 1024K, 44 young (45056K), 3 survivors (3072K)
 Metaspace       used 73222K, committed 74240K, reserved 1114112K
  class space    used 10063K, committed 10560K, reserved 1048576K
}
Event: 83.370 GC heap after
{Heap after GC invocations=43 (full 0):
 garbage-first heap   total 145408K, used 81525K [0x0000000080000000, 0x0000000100000000)
  region size 1024K, 6 young (6144K), 6 survivors (6144K)
 Metaspace       used 73222K, committed 74240K, reserved 1114112K
  class space    used 10063K, committed 10560K, reserved 1048576K
}
Event: 85.232 GC heap before
{Heap before GC invocations=44 (full 0):
 garbage-first heap   total 145408K, used 119413K [0x0000000080000000, 0x0000000100000000)
  region size 1024K, 43 young (44032K), 6 survivors (6144K)
 Metaspace       used 76058K, committed 77056K, reserved 1179648K
  class space    used 10493K, committed 10944K, reserved 1048576K
}
Event: 85.239 GC heap after
{Heap after GC invocations=45 (full 0):
 garbage-first heap   total 145408K, used 83502K [0x0000000080000000, 0x0000000100000000)
  region size 1024K, 2 young (2048K), 2 survivors (2048K)
 Metaspace       used 76058K, committed 77056K, reserved 1179648K
  class space    used 10493K, committed 10944K, reserved 1048576K
}
Event: 85.464 GC heap before
{Heap before GC invocations=45 (full 0):
 garbage-first heap   total 145408K, used 87598K [0x0000000080000000, 0x0000000100000000)
  region size 1024K, 7 young (7168K), 2 survivors (2048K)
 Metaspace       used 76443K, committed 77504K, reserved 1179648K
  class space    used 10571K, committed 11072K, reserved 1048576K
}
Event: 85.467 GC heap after
{Heap after GC invocations=46 (full 0):
 garbage-first heap   total 145408K, used 83390K [0x0000000080000000, 0x0000000100000000)
  region size 1024K, 1 young (1024K), 1 survivors (1024K)
 Metaspace       used 76443K, committed 77504K, reserved 1179648K
  class space    used 10571K, committed 11072K, reserved 1048576K
}
Event: 87.093 GC heap before
{Heap before GC invocations=46 (full 0):
 garbage-first heap   total 145408K, used 121278K [0x0000000080000000, 0x0000000100000000)
  region size 1024K, 38 young (38912K), 1 survivors (1024K)
 Metaspace       used 79131K, committed 80064K, reserved 1179648K
  class space    used 11006K, committed 11456K, reserved 1048576K
}
Event: 87.098 GC heap after
{Heap after GC invocations=47 (full 0):
 garbage-first heap   total 145408K, used 84301K [0x0000000080000000, 0x0000000100000000)
  region size 1024K, 2 young (2048K), 2 survivors (2048K)
 Metaspace       used 79131K, committed 80064K, reserved 1179648K
  class space    used 11006K, committed 11456K, reserved 1048576K
}
Event: 89.850 GC heap before
{Heap before GC invocations=47 (full 0):
 garbage-first heap   total 145408K, used 122189K [0x0000000080000000, 0x0000000100000000)
  region size 1024K, 39 young (39936K), 2 survivors (2048K)
 Metaspace       used 81735K, committed 82816K, reserved 1179648K
  class space    used 11389K, committed 11904K, reserved 1048576K
}
Event: 89.855 GC heap after
{Heap after GC invocations=48 (full 0):
 garbage-first heap   total 145408K, used 85891K [0x0000000080000000, 0x0000000100000000)
  region size 1024K, 3 young (3072K), 3 survivors (3072K)
 Metaspace       used 81735K, committed 82816K, reserved 1179648K
  class space    used 11389K, committed 11904K, reserved 1048576K
}
Event: 91.766 GC heap before
{Heap before GC invocations=48 (full 0):
 garbage-first heap   total 145408K, used 121731K [0x0000000080000000, 0x0000000100000000)
  region size 1024K, 39 young (39936K), 3 survivors (3072K)
 Metaspace       used 85346K, committed 86400K, reserved 1179648K
  class space    used 11975K, committed 12480K, reserved 1048576K
}
Event: 91.777 GC heap after
{Heap after GC invocations=49 (full 0):
 garbage-first heap   total 145408K, used 87972K [0x0000000080000000, 0x0000000100000000)
  region size 1024K, 4 young (4096K), 4 survivors (4096K)
 Metaspace       used 85346K, committed 86400K, reserved 1179648K
  class space    used 11975K, committed 12480K, reserved 1048576K
}

