# JRE version: OpenJDK Runtime Environment Temurin-17.0.20.1+1 (17.0.20.1+1) (build 17.0.20.1+1)
# Java VM: OpenJDK 64-Bit Server VM Temurin-17.0.20.1+1 (17.0.20.1+1, mixed mode, sharing, tiered, compressed oops, compressed class ptrs, g1 gc, windows-amd64)
GC Precious Log:
 CPUs: 8 total, 8 available
 Memory: 8074M
 Large Page Support: Disabled
 NUMA Support: Disabled
 Compressed Oops: Enabled (32-bit)
 Heap Region Size: 1M
 Heap Min Capacity: 8M
 Heap Initial Capacity: 128M
 Heap Max Capacity: 2G
 Pre-touch: Disabled
 Parallel Workers: 8
 Concurrent Workers: 2
 Concurrent Refinement Workers: 8
 Periodic GC: Disabled
Heap:
 garbage-first heap   total 150528K, used 95647K [0x0000000080000000, 0x0000000100000000)
  region size 1024K, 13 young (13312K), 4 survivors (4096K)
 Metaspace       used 86520K, committed 87552K, reserved 1179648K
  class space    used 12171K, committed 12672K, reserved 1048576K
GC Heap History (20 events):
Event: 77.599 GC heap before
{Heap before GC invocations=39 (full 0):
 garbage-first heap   total 124928K, used 82494K [0x0000000080000000, 0x0000000100000000)
  region size 1024K, 15 young (15360K), 4 survivors (4096K)
 Metaspace       used 67740K, committed 68736K, reserved 1114112K
  class space    used 9380K, committed 9856K, reserved 1048576K
}
Event: 77.607 GC heap after
{Heap after GC invocations=40 (full 0):
 garbage-first heap   total 124928K, used 73957K [0x0000000080000000, 0x0000000100000000)
  region size 1024K, 3 young (3072K), 3 survivors (3072K)
 Metaspace       used 67740K, committed 68736K, reserved 1114112K
  class space    used 9380K, committed 9856K, reserved 1048576K
}
Event: 77.889 GC heap before
{Heap before GC invocations=41 (full 0):
 garbage-first heap   total 150528K, used 89317K [0x0000000080000000, 0x0000000100000000)
  region size 1024K, 15 young (15360K), 3 survivors (3072K)
 Metaspace       used 67764K, committed 68736K, reserved 1114112K
  class space    used 9380K, committed 9856K, reserved 1048576K
}
Event: 77.896 GC heap after
{Heap after GC invocations=42 (full 0):
 garbage-first heap   total 150528K, used 76174K [0x0000000080000000, 0x0000000100000000)
  region size 1024K, 4 young (4096K), 4 survivors (4096K)
 Metaspace       used 67764K, committed 68736K, reserved 1114112K
  class space    used 9380K, committed 9856K, reserved 1048576K
}
Event: 79.878 GC heap before
{Heap before GC invocations=43 (full 0):
 garbage-first heap   total 150528K, used 110990K [0x0000000080000000, 0x0000000100000000)
  region size 1024K, 37 young (37888K), 4 survivors (4096K)
 Metaspace       used 70061K, committed 71040K, reserved 1114112K
  class space    used 9689K, committed 10176K, reserved 1048576K
}
Event: 79.886 GC heap after
{Heap after GC invocations=44 (full 0):
 garbage-first heap   total 150528K, used 78652K [0x0000000080000000, 0x0000000100000000)
  region size 1024K, 2 young (2048K), 2 survivors (2048K)
 Metaspace       used 70061K, committed 71040K, reserved 1114112K
  class space    used 9689K, committed 10176K, reserved 1048576K
}
Event: 82.194 GC heap before
{Heap before GC invocations=44 (full 0):
 garbage-first heap   total 150528K, used 114492K [0x0000000080000000, 0x0000000100000000)
  region size 1024K, 37 young (37888K), 2 survivors (2048K)
 Metaspace       used 72435K, committed 73408K, reserved 1114112K
  class space    used 9955K, committed 10432K, reserved 1048576K
}
Event: 82.199 GC heap after
{Heap after GC invocations=45 (full 0):
 garbage-first heap   total 150528K, used 80477K [0x0000000080000000, 0x0000000100000000)
  region size 1024K, 4 young (4096K), 4 survivors (4096K)
 Metaspace       used 72435K, committed 73408K, reserved 1114112K
  class space    used 9955K, committed 10432K, reserved 1048576K
}
Event: 84.400 GC heap before
{Heap before GC invocations=46 (full 0):
 garbage-first heap   total 150528K, used 116317K [0x0000000080000000, 0x0000000100000000)
  region size 1024K, 39 young (39936K), 4 survivors (4096K)
 Metaspace       used 74820K, committed 75840K, reserved 1114112K
  class space    used 10274K, committed 10752K, reserved 1048576K
}
Event: 84.409 GC heap after
{Heap after GC invocations=47 (full 0):
 garbage-first heap   total 150528K, used 82145K [0x0000000080000000, 0x0000000100000000)
  region size 1024K, 4 young (4096K), 4 survivors (4096K)
 Metaspace       used 74820K, committed 75840K, reserved 1114112K
  class space    used 10274K, committed 10752K, reserved 1048576K
}
Event: 86.195 GC heap before
{Heap before GC invocations=47 (full 0):
 garbage-first heap   total 150528K, used 119009K [0x0000000080000000, 0x0000000100000000)
  region size 1024K, 40 young (40960K), 4 survivors (4096K)
 Metaspace       used 77561K, committed 78528K, reserved 1179648K
  class space    used 10716K, committed 11200K, reserved 1048576K
}
Event: 86.205 GC heap after
{Heap after GC invocations=48 (full 0):
 garbage-first heap   total 150528K, used 83378K [0x0000000080000000, 0x0000000100000000)
  region size 1024K, 3 young (3072K), 3 survivors (3072K)
 Metaspace       used 77561K, committed 78528K, reserved 1179648K
  class space    used 10716K, committed 11200K, reserved 1048576K
}
Event: 88.620 GC heap before
{Heap before GC invocations=49 (full 0):
 garbage-first heap   total 150528K, used 121266K [0x0000000080000000, 0x0000000100000000)
  region size 1024K, 40 young (40960K), 3 survivors (3072K)
 Metaspace       used 80062K, committed 81024K, reserved 1179648K
  class space    used 11178K, committed 11648K, reserved 1048576K
}
Event: 88.628 GC heap after
{Heap after GC invocations=50 (full 0):
 garbage-first heap   total 150528K, used 84654K [0x0000000080000000, 0x0000000100000000)
  region size 1024K, 5 young (5120K), 5 survivors (5120K)
 Metaspace       used 80062K, committed 81024K, reserved 1179648K
  class space    used 11178K, committed 11648K, reserved 1048576K
}
Event: 88.728 GC heap before
{Heap before GC invocations=50 (full 0):
 garbage-first heap   total 150528K, used 86702K [0x0000000080000000, 0x0000000100000000)
  region size 1024K, 7 young (7168K), 5 survivors (5120K)
 Metaspace       used 80204K, committed 81152K, reserved 1179648K
  class space    used 11200K, committed 11648K, reserved 1048576K
}
Event: 88.740 GC heap after
{Heap after GC invocations=51 (full 0):
 garbage-first heap   total 150528K, used 84092K [0x0000000080000000, 0x0000000100000000)
  region size 1024K, 1 young (1024K), 1 survivors (1024K)
 Metaspace       used 80204K, committed 81152K, reserved 1179648K
  class space    used 11200K, committed 11648K, reserved 1048576K
}
Event: 90.628 GC heap before
{Heap before GC invocations=51 (full 0):
 garbage-first heap   total 150528K, used 121980K [0x0000000080000000, 0x0000000100000000)
  region size 1024K, 38 young (38912K), 1 survivors (1024K)
 Metaspace       used 82703K, committed 83776K, reserved 1179648K
  class space    used 11550K, committed 12096K, reserved 1048576K
}
Event: 90.631 GC heap after
{Heap after GC invocations=52 (full 0):
 garbage-first heap   total 150528K, used 85244K [0x0000000080000000, 0x0000000100000000)
  region size 1024K, 2 young (2048K), 2 survivors (2048K)
 Metaspace       used 82703K, committed 83776K, reserved 1179648K
  class space    used 11550K, committed 12096K, reserved 1048576K
}
Event: 92.524 GC heap before
{Heap before GC invocations=53 (full 0):
 garbage-first heap   total 150528K, used 123132K [0x0000000080000000, 0x0000000100000000)
  region size 1024K, 39 young (39936K), 2 survivors (2048K)
 Metaspace       used 86079K, committed 87104K, reserved 1179648K
  class space    used 12110K, committed 12608K, reserved 1048576K
}
Event: 92.532 GC heap after
{Heap after GC invocations=54 (full 0):
 garbage-first heap   total 150528K, used 87455K [0x0000000080000000, 0x0000000100000000)
  region size 1024K, 4 young (4096K), 4 survivors (4096K)
 Metaspace       used 86079K, committed 87104K, reserved 1179648K
  class space    used 12110K, committed 12608K, reserved 1048576K
}

